TN:
SF:src\app.ts
FN:12,(anonymous_1)
FNF:1
FNH:1
FNDA:1,(anonymous_1)
DA:1,1
DA:2,1
DA:3,1
DA:4,1
DA:6,1
DA:7,1
DA:9,1
DA:10,1
DA:11,1
DA:12,1
DA:14,1
LF:11
LH:11
BRF:0
BRH:0
end_of_record
TN:
SF:src\modules\Todo\controllers\todoControllers.ts
FN:13,(anonymous_7)
FN:13,(anonymous_8)
FN:33,(anonymous_9)
FN:33,(anonymous_10)
FN:43,(anonymous_11)
FN:43,(anonymous_12)
FN:56,(anonymous_13)
FN:56,(anonymous_14)
FN:74,(anonymous_15)
FN:74,(anonymous_16)
FN:84,(anonymous_17)
FNF:11
FNH:11
FNDA:3,(anonymous_7)
FNDA:3,(anonymous_8)
FNDA:1,(anonymous_9)
FNDA:1,(anonymous_10)
FNDA:1,(anonymous_11)
FNDA:1,(anonymous_12)
FNDA:1,(anonymous_13)
FNDA:1,(anonymous_14)
FNDA:2,(anonymous_15)
FNDA:2,(anonymous_16)
FNDA:2,(anonymous_17)
DA:3,1
DA:13,3
DA:14,3
DA:15,3
DA:16,3
DA:17,3
DA:18,3
DA:19,3
DA:20,1
DA:21,2
DA:22,1
DA:23,1
DA:25,1
DA:26,1
DA:29,0
DA:30,0
DA:33,1
DA:34,1
DA:35,1
DA:36,1
DA:37,1
DA:39,0
DA:40,0
DA:43,1
DA:44,1
DA:45,1
DA:46,1
DA:47,1
DA:48,1
DA:49,0
DA:51,1
DA:53,0
DA:56,1
DA:57,1
DA:58,1
DA:59,1
DA:60,1
DA:62,1
DA:63,1
DA:64,0
DA:67,1
DA:69,0
DA:70,0
DA:74,2
DA:75,2
DA:76,2
DA:77,2
DA:79,2
DA:81,2
DA:82,1
DA:84,2
DA:86,1
DA:87,0
DA:90,1
DA:92,0
DA:93,0
DA:97,1
LF:57
LH:45
BRDA:19,0,0,1
BRDA:19,0,1,2
BRDA:21,1,0,1
BRDA:21,1,1,1
BRDA:48,2,0,0
BRDA:48,2,1,1
BRDA:63,3,0,0
BRDA:63,3,1,1
BRDA:81,4,0,1
BRDA:81,4,1,1
BRDA:86,5,0,0
BRDA:86,5,1,1
BRF:12
BRH:9
end_of_record
TN:
SF:src\modules\Todo\repository\todoRepository.ts
FN:3,(anonymous_7)
FN:3,(anonymous_8)
FN:6,(anonymous_9)
FN:6,(anonymous_10)
FN:10,(anonymous_11)
FN:10,(anonymous_12)
FN:17,(anonymous_13)
FN:17,(anonymous_14)
FN:21,(anonymous_15)
FN:21,(anonymous_16)
FN:24,(anonymous_17)
FN:24,(anonymous_18)
FN:32,(anonymous_19)
FN:36,(anonymous_20)
FN:44,(anonymous_21)
FN:44,(anonymous_22)
FNF:16
FNH:16
FNDA:3,(anonymous_7)
FNDA:3,(anonymous_8)
FNDA:3,(anonymous_9)
FNDA:3,(anonymous_10)
FNDA:1,(anonymous_11)
FNDA:1,(anonymous_12)
FNDA:1,(anonymous_13)
FNDA:1,(anonymous_14)
FNDA:1,(anonymous_15)
FNDA:1,(anonymous_16)
FNDA:1,(anonymous_17)
FNDA:1,(anonymous_18)
FNDA:1,(anonymous_19)
FNDA:1,(anonymous_20)
FNDA:2,(anonymous_21)
FNDA:2,(anonymous_22)
DA:1,1
DA:3,3
DA:4,3
DA:6,3
DA:7,3
DA:10,1
DA:11,1
DA:17,1
DA:18,1
DA:21,1
DA:22,1
DA:24,1
DA:25,1
DA:32,1
DA:36,1
DA:37,1
DA:44,2
DA:45,2
DA:48,1
DA:49,1
DA:50,1
DA:51,1
DA:52,1
DA:53,1
DA:54,1
DA:55,1
LF:26
LH:26
BRF:0
BRH:0
end_of_record
TN:
SF:src\modules\Todo\test\todo.spec.ts
FN:11,(anonymous_1)
FN:12,(anonymous_2)
FN:23,(anonymous_3)
FN:29,(anonymous_4)
FN:40,(anonymous_5)
FN:46,(anonymous_6)
FN:56,(anonymous_7)
FN:64,(anonymous_8)
FN:65,(anonymous_9)
FN:76,(anonymous_10)
FN:83,(anonymous_11)
FN:84,(anonymous_12)
FN:95,(anonymous_13)
FN:101,(anonymous_14)
FN:112,(anonymous_15)
FN:120,(anonymous_16)
FN:121,(anonymous_17)
FN:132,(anonymous_18)
FN:142,(anonymous_19)
FN:143,(anonymous_20)
FN:154,(anonymous_21)
FNF:21
FNH:21
FNDA:1,(anonymous_1)
FNDA:1,(anonymous_2)
FNDA:1,(anonymous_3)
FNDA:1,(anonymous_4)
FNDA:1,(anonymous_5)
FNDA:1,(anonymous_6)
FNDA:1,(anonymous_7)
FNDA:1,(anonymous_8)
FNDA:1,(anonymous_9)
FNDA:1,(anonymous_10)
FNDA:1,(anonymous_11)
FNDA:1,(anonymous_12)
FNDA:1,(anonymous_13)
FNDA:1,(anonymous_14)
FNDA:1,(anonymous_15)
FNDA:1,(anonymous_16)
FNDA:1,(anonymous_17)
FNDA:1,(anonymous_18)
FNDA:1,(anonymous_19)
FNDA:1,(anonymous_20)
FNDA:1,(anonymous_21)
DA:1,1
DA:2,1
DA:3,1
DA:5,1
DA:7,1
DA:9,1
DA:11,1
DA:12,1
DA:13,1
DA:14,1
DA:24,1
DA:25,1
DA:26,1
DA:29,1
DA:30,1
DA:31,1
DA:41,1
DA:42,1
DA:43,1
DA:46,1
DA:47,1
DA:48,1
DA:57,1
DA:58,1
DA:59,1
DA:64,1
DA:65,1
DA:66,1
DA:68,1
DA:77,1
DA:78,1
DA:79,1
DA:83,1
DA:84,1
DA:85,1
DA:87,1
DA:96,1
DA:97,1
DA:98,1
DA:101,1
DA:102,1
DA:104,1
DA:113,1
DA:114,1
DA:115,1
DA:120,1
DA:121,1
DA:122,1
DA:124,1
DA:133,1
DA:134,1
DA:137,1
DA:142,1
DA:143,1
DA:144,1
DA:146,1
DA:155,1
DA:156,1
DA:159,1
LF:59
LH:59
BRDA:24,0,0,0
BRDA:24,0,1,1
BRDA:41,1,0,0
BRDA:41,1,1,1
BRDA:57,2,0,0
BRDA:57,2,1,1
BRDA:77,3,0,0
BRDA:77,3,1,1
BRDA:96,4,0,0
BRDA:96,4,1,1
BRDA:113,5,0,0
BRDA:113,5,1,1
BRDA:133,6,0,0
BRDA:133,6,1,1
BRDA:155,7,0,0
BRDA:155,7,1,1
BRF:16
BRH:8
end_of_record
TN:
SF:src\modules\users\controllers\userControllers.ts
FN:11,(anonymous_8)
FN:11,(anonymous_9)
FN:30,(anonymous_10)
FN:30,(anonymous_11)
FN:39,(anonymous_12)
FNF:5
FNH:5
FNDA:6,(anonymous_8)
FNDA:6,(anonymous_9)
FNDA:3,(anonymous_10)
FNDA:3,(anonymous_11)
FNDA:2,(anonymous_12)
DA:2,1
DA:3,1
DA:4,1
DA:6,1
DA:7,1
DA:9,1
DA:11,6
DA:12,6
DA:13,6
DA:14,6
DA:15,6
DA:16,4
DA:18,2
DA:19,2
DA:20,1
DA:22,1
DA:23,1
DA:24,1
DA:26,0
DA:30,3
DA:31,3
DA:32,3
DA:33,3
DA:34,3
DA:35,1
DA:37,2
DA:38,2
DA:39,2
DA:40,2
DA:41,1
DA:44,1
DA:46,1
DA:51,0
DA:54,1
LF:34
LH:32
BRDA:15,0,0,4
BRDA:15,0,1,2
BRDA:19,1,0,1
BRDA:19,1,1,1
BRDA:34,2,0,1
BRDA:34,2,1,2
BRDA:37,3,0,2
BRDA:37,3,1,0
BRDA:40,4,0,1
BRDA:40,4,1,1
BRF:10
BRH:9
end_of_record
TN:
SF:src\modules\users\repository\userRepository.ts
FN:3,(anonymous_7)
FN:3,(anonymous_8)
FN:7,(anonymous_9)
FN:7,(anonymous_10)
FNF:4
FNH:4
FNDA:1,(anonymous_7)
FNDA:1,(anonymous_8)
FNDA:5,(anonymous_9)
FNDA:5,(anonymous_10)
DA:1,1
DA:3,1
DA:4,1
DA:7,5
DA:8,5
DA:11,1
LF:6
LH:6
BRF:0
BRH:0
end_of_record
TN:
SF:src\modules\users\test\users.spec.ts
FN:11,(anonymous_8)
FN:12,(anonymous_9)
FN:12,(anonymous_10)
FN:24,(anonymous_11)
FN:24,(anonymous_12)
FN:36,(anonymous_13)
FN:36,(anonymous_14)
FN:47,(anonymous_15)
FN:47,(anonymous_16)
FN:58,(anonymous_17)
FN:58,(anonymous_18)
FN:69,(anonymous_19)
FN:69,(anonymous_20)
FN:85,(anonymous_21)
FN:86,(anonymous_22)
FN:86,(anonymous_23)
FN:95,(anonymous_24)
FN:95,(anonymous_25)
FN:104,(anonymous_26)
FN:104,(anonymous_27)
FNF:20
FNH:20
FNDA:1,(anonymous_8)
FNDA:1,(anonymous_9)
FNDA:1,(anonymous_10)
FNDA:1,(anonymous_11)
FNDA:1,(anonymous_12)
FNDA:1,(anonymous_13)
FNDA:1,(anonymous_14)
FNDA:1,(anonymous_15)
FNDA:1,(anonymous_16)
FNDA:1,(anonymous_17)
FNDA:1,(anonymous_18)
FNDA:1,(anonymous_19)
FNDA:1,(anonymous_20)
FNDA:1,(anonymous_21)
FNDA:1,(anonymous_22)
FNDA:1,(anonymous_23)
FNDA:1,(anonymous_24)
FNDA:1,(anonymous_25)
FNDA:1,(anonymous_26)
FNDA:1,(anonymous_27)
DA:1,1
DA:2,1
DA:3,1
DA:5,1
DA:7,1
DA:9,1
DA:11,1
DA:12,1
DA:13,1
DA:18,1
DA:21,1
DA:22,1
DA:24,1
DA:25,1
DA:30,1
DA:33,1
DA:34,1
DA:36,1
DA:37,1
DA:41,1
DA:44,1
DA:45,1
DA:47,1
DA:48,1
DA:52,1
DA:55,1
DA:56,1
DA:58,1
DA:59,1
DA:63,1
DA:66,1
DA:67,1
DA:69,1
DA:70,1
DA:75,1
DA:78,1
DA:79,1
DA:85,1
DA:86,1
DA:87,1
DA:91,1
DA:92,1
DA:93,1
DA:95,1
DA:96,1
DA:100,1
DA:101,1
DA:102,1
DA:104,1
DA:105,1
DA:109,1
DA:110,1
DA:111,1
LF:53
LH:53
BRF:0
BRH:0
end_of_record
TN:
SF:src\routes\index.ts
FNF:0
FNH:0
DA:1,1
DA:2,1
DA:3,1
DA:4,1
DA:5,1
DA:7,1
DA:8,1
DA:9,1
DA:10,1
DA:12,1
LF:10
LH:10
BRF:0
BRH:0
end_of_record
TN:
SF:src\routes\todoRoutes.ts
FNF:0
FNH:0
DA:1,1
DA:2,1
DA:10,1
DA:11,1
DA:12,1
DA:13,1
DA:14,1
DA:15,1
DA:16,1
LF:9
LH:9
BRF:0
BRH:0
end_of_record
TN:
SF:src\routes\usersRouter.ts
FNF:0
FNH:0
DA:1,1
DA:2,1
DA:7,1
DA:8,1
DA:9,1
DA:11,1
LF:6
LH:6
BRF:0
BRH:0
end_of_record
TN:
SF:src\utilities\input.ts
FNF:0
FNH:0
DA:1,1
DA:3,1
DA:33,1
LF:3
LH:3
BRF:0
BRH:0
end_of_record
TN:
SF:src\utilities\tokenVerify.ts
FN:11,(anonymous_8)
FN:15,(anonymous_9)
FNF:2
FNH:2
FNDA:8,(anonymous_8)
FNDA:8,(anonymous_9)
DA:1,1
DA:10,1
DA:11,1
DA:15,8
DA:16,8
DA:17,8
DA:18,8
DA:19,8
DA:20,8
DA:21,8
DA:22,8
DA:25,0
DA:28,1
LF:13
LH:12
BRDA:20,0,0,8
BRDA:20,0,1,0
BRF:2
BRH:1
end_of_record
